                                 Started job on |	Jan 08 20:08:28
                             Started mapping on |	Jan 08 20:08:33
                                    Finished on |	Jan 08 20:09:03
       Mapping speed, Million of reads per hour |	244.25

                          Number of input reads |	2035437
                      Average input read length |	65
                                    UNIQUE READS:
                   Uniquely mapped reads number |	597965
                        Uniquely mapped reads % |	29.38%
                          Average mapped length |	68.22
                       Number of splices: Total |	1718
            Number of splices: Annotated (sjdb) |	0
                       Number of splices: GT/AG |	1670
                       Number of splices: GC/AG |	47
                       Number of splices: AT/AC |	1
               Number of splices: Non-canonical |	0
                      Mismatch rate per base, % |	2.92%
                         Deletion rate per base |	0.10%
                        Deletion average length |	2.09
                        Insertion rate per base |	0.04%
                       Insertion average length |	1.84
                             MULTI-MAPPING READS:
        Number of reads mapped to multiple loci |	215685
             % of reads mapped to multiple loci |	10.60%
        Number of reads mapped to too many loci |	329
             % of reads mapped to too many loci |	0.02%
                                  UNMAPPED READS:
       % of reads unmapped: too many mismatches |	0.53%
                 % of reads unmapped: too short |	59.33%
                     % of reads unmapped: other |	0.15%
                                  CHIMERIC READS:
                       Number of chimeric reads |	0
                            % of chimeric reads |	0.00%
