                                 Started job on |	Jan 08 20:41:29
                             Started mapping on |	Jan 08 20:41:31
                                    Finished on |	Jan 08 20:42:49
       Mapping speed, Million of reads per hour |	293.15

                          Number of input reads |	6351616
                      Average input read length |	64
                                    UNIQUE READS:
                   Uniquely mapped reads number |	1207179
                        Uniquely mapped reads % |	19.01%
                          Average mapped length |	67.03
                       Number of splices: Total |	3364
            Number of splices: Annotated (sjdb) |	0
                       Number of splices: GT/AG |	3355
                       Number of splices: GC/AG |	9
                       Number of splices: AT/AC |	0
               Number of splices: Non-canonical |	0
                      Mismatch rate per base, % |	2.86%
                         Deletion rate per base |	0.09%
                        Deletion average length |	2.24
                        Insertion rate per base |	0.04%
                       Insertion average length |	1.87
                             MULTI-MAPPING READS:
        Number of reads mapped to multiple loci |	671263
             % of reads mapped to multiple loci |	10.57%
        Number of reads mapped to too many loci |	1209
             % of reads mapped to too many loci |	0.02%
                                  UNMAPPED READS:
       % of reads unmapped: too many mismatches |	0.31%
                 % of reads unmapped: too short |	69.91%
                     % of reads unmapped: other |	0.19%
                                  CHIMERIC READS:
                       Number of chimeric reads |	0
                            % of chimeric reads |	0.00%
