                                 Started job on |	Jan 08 20:30:27
                             Started mapping on |	Jan 08 20:30:29
                                    Finished on |	Jan 08 20:31:27
       Mapping speed, Million of reads per hour |	280.74

                          Number of input reads |	4523050
                      Average input read length |	65
                                    UNIQUE READS:
                   Uniquely mapped reads number |	1298514
                        Uniquely mapped reads % |	28.71%
                          Average mapped length |	68.36
                       Number of splices: Total |	3970
            Number of splices: Annotated (sjdb) |	0
                       Number of splices: GT/AG |	3959
                       Number of splices: GC/AG |	10
                       Number of splices: AT/AC |	1
               Number of splices: Non-canonical |	0
                      Mismatch rate per base, % |	2.89%
                         Deletion rate per base |	0.11%
                        Deletion average length |	2.13
                        Insertion rate per base |	0.04%
                       Insertion average length |	1.84
                             MULTI-MAPPING READS:
        Number of reads mapped to multiple loci |	470745
             % of reads mapped to multiple loci |	10.41%
        Number of reads mapped to too many loci |	701
             % of reads mapped to too many loci |	0.02%
                                  UNMAPPED READS:
       % of reads unmapped: too many mismatches |	0.51%
                 % of reads unmapped: too short |	60.20%
                     % of reads unmapped: other |	0.16%
                                  CHIMERIC READS:
                       Number of chimeric reads |	0
                            % of chimeric reads |	0.00%
