                                 Started job on |	Jan 08 20:21:27
                             Started mapping on |	Jan 08 20:21:30
                                    Finished on |	Jan 08 20:22:25
       Mapping speed, Million of reads per hour |	258.06

                          Number of input reads |	3942532
                      Average input read length |	64
                                    UNIQUE READS:
                   Uniquely mapped reads number |	819231
                        Uniquely mapped reads % |	20.78%
                          Average mapped length |	67.05
                       Number of splices: Total |	2219
            Number of splices: Annotated (sjdb) |	0
                       Number of splices: GT/AG |	2203
                       Number of splices: GC/AG |	16
                       Number of splices: AT/AC |	0
               Number of splices: Non-canonical |	0
                      Mismatch rate per base, % |	2.81%
                         Deletion rate per base |	0.09%
                        Deletion average length |	2.23
                        Insertion rate per base |	0.04%
                       Insertion average length |	1.87
                             MULTI-MAPPING READS:
        Number of reads mapped to multiple loci |	448731
             % of reads mapped to multiple loci |	11.38%
        Number of reads mapped to too many loci |	823
             % of reads mapped to too many loci |	0.02%
                                  UNMAPPED READS:
       % of reads unmapped: too many mismatches |	0.33%
                 % of reads unmapped: too short |	67.30%
                     % of reads unmapped: other |	0.19%
                                  CHIMERIC READS:
                       Number of chimeric reads |	0
                            % of chimeric reads |	0.00%
