                                 Started job on |	Jan 08 20:40:28
                             Started mapping on |	Jan 08 20:40:30
                                    Finished on |	Jan 08 20:42:42
       Mapping speed, Million of reads per hour |	318.23

                          Number of input reads |	11668398
                      Average input read length |	84
                                    UNIQUE READS:
                   Uniquely mapped reads number |	3407670
                        Uniquely mapped reads % |	29.20%
                          Average mapped length |	84.56
                       Number of splices: Total |	1971
            Number of splices: Annotated (sjdb) |	0
                       Number of splices: GT/AG |	1586
                       Number of splices: GC/AG |	383
                       Number of splices: AT/AC |	2
               Number of splices: Non-canonical |	0
                      Mismatch rate per base, % |	2.97%
                         Deletion rate per base |	0.04%
                        Deletion average length |	1.71
                        Insertion rate per base |	0.05%
                       Insertion average length |	1.67
                             MULTI-MAPPING READS:
        Number of reads mapped to multiple loci |	1231249
             % of reads mapped to multiple loci |	10.55%
        Number of reads mapped to too many loci |	4107
             % of reads mapped to too many loci |	0.04%
                                  UNMAPPED READS:
       % of reads unmapped: too many mismatches |	1.73%
                 % of reads unmapped: too short |	53.19%
                     % of reads unmapped: other |	5.28%
                                  CHIMERIC READS:
                       Number of chimeric reads |	0
                            % of chimeric reads |	0.00%
