INFO:root:starting peakfinder on all genes
INFO:root: index for /tmp/tmpq5kD7J/stge63cc632-4003-4973-993d-1c023b3b7e2e/kbp550.11.NPUT.NIL.r-.fqTrTrU-SoMaSoCoSoV2.bam does not exist, indexing bamfile
INFO:root: bam file is set to /tmp/tmpq5kD7J/stge63cc632-4003-4973-993d-1c023b3b7e2e/kbp550.11.NPUT.NIL.r-.fqTrTrU-SoMaSoCoSoV2.bam

INFO:root: number of genes before maxing : 2924
INFO:root: max genes from user input: 1000000
INFO:root: number of genes <= max genes from user , not truncating genes
INFO:root: finished call_peaks on all genes
INFO:root: starting adding up transcriptome-wise reads
INFO:root: number of reads per gene result
INFO:root:     gene_result_no: 22 , number_of_reads: 206
INFO:root:     gene_result_no: 26 , number_of_reads: 594
INFO:root:     gene_result_no: 29 , number_of_reads: 12
INFO:root:     gene_result_no: 30 , number_of_reads: 28
INFO:root: transcriptome size in bases: 45321617
INFO:root: transcriptome total number of reads: 858
INFO:root: 1: chr19	308611	308655	ENSG00000105556.4_0_4	0.00873197109975	-	308632	308636
chr19	309357	309415	ENSG00000105556.4_1_6	0.000421919421053	-	309389	309393
chr19	325622	325648	ENSG00000105556.4_3_3	0.028940331648	-	325632	325636
chr19	335396	335454	ENSG00000105556.4_5_5	0.00231493352562	-	335425	335429
chr19	336171	336210	ENSG00000105556.4_6_3	0.0346495602869	-	336189	336193
chr19	336264	336308	ENSG00000105556.4_7_4	0.00873197109975	-	336277	336281
chr19	341726	341745	ENSG00000105556.4_8_3	0.0261154314969	-	341733	341737
chr19	342036	342071	ENSG00000105556.4_9_3	0.0328284481867	-	342051	342055
chr19	343545	343574	ENSG00000105556.4_10_3	0.0302042446239	-	343558	343562
chr19	416982	417045	ENSG00000129946.5_0_5	0.0119078786077	-	417015	417019
chr19	420458	420483	ENSG00000129946.5_1_3	0.0260343406744	-	420468	420472
chr19	422348	422373	ENSG00000129946.5_2_3	0.0480068222083	-	422358	422362
chr19	422738	422763	ENSG00000129946.5_3_4	0.0122888252976	-	422748	422752
chr19	422941	422994	ENSG00000129946.5_4_4	0.0310477175444	-	422960	422964
chr19	423680	423755	ENSG00000129946.5_5_6	0.00473480261424	-	423717	423721
chr19	424216	424264	ENSG00000129946.5_6_6	0.00161658870112	-	424235	424239
chr19	424481	424507	ENSG00000129946.5_7_4	0.012772833697	-	424491	424495
chr19	424929	424948	ENSG00000129946.5_8_3	0.0399195548118	-	424936	424940
chr19	425048	425092	ENSG00000129946.5_9_6	0.00134442655978	-	425072	425076
chr19	426942	426979	ENSG00000129946.5_10_3	0.0473837225739	-	426958	426962
chr19	430681	430717	ENSG00000129946.5_11_3	0.0391014896527	-	430696	430700
chr19	437418	437463	ENSG00000129946.5_14_4	0.0245304915383	-	437435	437439
chr19	438396	438466	ENSG00000129946.5_16_5	0.0148115231979	-	438428	438432
chr19	440181	440244	ENSG00000129946.5_17_5	0.0119078786077	-	440213	440217
chr19	440982	441043	ENSG00000129946.5_18_4	0.0385554701473	-	441010	441014
chr19	441556	441606	ENSG00000129946.5_19_4	0.028489469945	-	441579	441583
chr19	442393	442442	ENSG00000129946.5_21_4	0.0250686330236	-	442415	442419
chr19	443896	443982	ENSG00000129946.5_23_7	0.00142981207933	-	443936	443940
chr19	444321	444370	ENSG00000129946.5_24_4	0.0250686330236	-	444343	444347
chr19	445500	445550	ENSG00000129946.5_26_5	0.00624917463407	-	445524	445528
chr19	446898	446945	ENSG00000129946.5_29_4	0.0211164043914	-	446918	446922
chr19	450635	450668	ENSG00000129946.5_32_3	0.0489761798116	-	450649	450653
chr19	453899	453939	ENSG00000129946.5_34_4	0.0209436811256	-	453919	453923
chr19	454428	454468	ENSG00000129946.5_35_4	0.0209436811256	-	454448	454452
chr19	454749	454757	ENSG00000129946.5_36_3	0.0272722936064	-	454749	454751
chr19	455570	455610	ENSG00000129946.5_38_5	0.00517789984134	-	455583	455587
chr19	455740	455788	ENSG00000129946.5_39_7	0.000325766713492	-	455761	455765
chr19	456402	456445	ENSG00000129946.5_40_8	4.29513025123e-05	-	456419	456423
chr19	457487	457537	ENSG00000129946.5_41_4	0.028489469945	-	457509	457513
chr19	458236	458288	ENSG00000129946.5_42_7	0.00040104970453	-	458256	458260
chr19	458393	458426	ENSG00000129946.5_43_4	0.0165245014451	-	458406	458410
chr19	459117	459127	ENSG00000129946.5_44_3	0.0293631042488	-	459117	459120
chr19	460711	460756	ENSG00000129946.5_47_4	0.0245304915383	-	460731	460735

INFO:root: wrote filtered peaks to kbp550.11.NPUT.NIL.r-.fqTrTrU-SoMaSoCoSoV2Cl.bed
INFO:root: finished peakfinder on all genes
